[0.049s] Invoking command in '/home/jungseong/robot_ws/build/msg_srv_action_interface_example': CMAKE_PREFIX_PATH=${CMAKE_PREFIX_PATH}:/home/jungseong/robot_ws/install/my_first_ros_rclpy_pkg:/home/jungseong/yahboomcar_ws/install/yahboomcar_ctrl:/home/jungseong/yahboomcar_ws/install/yahboomcar_bringup:/opt/ros/humble /usr/bin/cmake --build /home/jungseong/robot_ws/build/msg_srv_action_interface_example -- -j12 -l12
[0.094s] -- Found ament_cmake: 1.3.11 (/opt/ros/humble/share/ament_cmake/cmake)
[0.297s] -- Found builtin_interfaces: 1.2.1 (/opt/ros/humble/share/builtin_interfaces/cmake)
[0.399s] -- Found rosidl_generator_c: 3.1.6 (/opt/ros/humble/share/rosidl_generator_c/cmake)
[0.404s] -- Found rosidl_adapter: 3.1.6 (/opt/ros/humble/share/rosidl_adapter/cmake)
[0.415s] -- Found rosidl_generator_cpp: 3.1.6 (/opt/ros/humble/share/rosidl_generator_cpp/cmake)
[0.435s] -- Using all available rosidl_typesupport_c: rosidl_typesupport_fastrtps_c;rosidl_typesupport_introspection_c
[0.462s] -- Using all available rosidl_typesupport_cpp: rosidl_typesupport_fastrtps_cpp;rosidl_typesupport_introspection_cpp
[0.480s] -- Found rosidl_default_generators: 1.2.0 (/opt/ros/humble/share/rosidl_default_generators/cmake)
[0.758s] [31mCMake Error at /opt/ros/humble/share/rosidl_adapter/cmake/rosidl_adapt_interfaces.cmake:59 (message):
[0.759s]   execute_process(/usr/bin/python3 -m rosidl_adapter --package-name
[0.759s]   msg_srv_action_interface_example --arguments-file
[0.760s]   /home/jungseong/robot_ws/build/msg_srv_action_interface_example/rosidl_adapter__arguments__msg_srv_action_interface_example.json
[0.760s]   --output-dir
[0.761s]   /home/jungseong/robot_ws/build/msg_srv_action_interface_example/rosidl_adapter/msg_srv_action_interface_example
[0.761s]   --output-file
[0.762s]   /home/jungseong/robot_ws/build/msg_srv_action_interface_example/rosidl_adapter/msg_srv_action_interface_example.idls)
[0.764s]   returned error code 1:
[0.765s] 
[0.765s]   Error processing 'float32 argument_bï»¿' of
[0.766s]   'msg_srv_action_interface_example/ArithmeticArgument': ''argument_bï»¿' is
[0.767s]   an invalid field name.  It should have the pattern
[0.768s]   '^(?!.*__)(?!.*_$)[a-z][a-z0-9_]*$''
[0.784s] 
[0.785s]   Traceback (most recent call last):
[0.785s] 
[0.788s]     File "/usr/lib/python3.10/runpy.py", line 196, in _run_module_as_main
[0.788s]       return _run_code(code, main_globals, None,
[0.788s]     File "/usr/lib/python3.10/runpy.py", line 86, in _run_code
[0.790s]       exec(code, run_globals)
[0.790s]     File "/opt/ros/humble/local/lib/python3.10/dist-packages/rosidl_adapter/__main__.py", line 19, in <module>
[0.791s]       sys.exit(main())
[0.791s]     File "/opt/ros/humble/local/lib/python3.10/dist-packages/rosidl_adapter/main.py", line 53, in main
[0.792s]       abs_idl_file = convert_to_idl(
[0.792s]     File "/opt/ros/humble/local/lib/python3.10/dist-packages/rosidl_adapter/__init__.py", line 19, in convert_to_idl
[0.793s]       return convert_msg_to_idl(
[0.793s]     File "/opt/ros/humble/local/lib/python3.10/dist-packages/rosidl_adapter/msg/__init__.py", line 28, in convert_msg_to_idl
[0.794s]       msg = parse_message_string(package_name, input_file.stem, content)
[0.795s]     File "/opt/ros/humble/local/lib/python3.10/dist-packages/rosidl_adapter/parser.py", line 519, in parse_message_string
[0.798s]       fields.append(Field(
[0.801s]     File "/opt/ros/humble/local/lib/python3.10/dist-packages/rosidl_adapter/parser.py", line 354, in __init__
[0.804s]       raise NameError(
[0.805s] 
[0.806s]   NameError: 'argument_bï»¿' is an invalid field name.  It should have the
[0.808s]   pattern '^(?!.*__)(?!.*_$)[a-z][a-z0-9_]*$'
[0.809s] 
[0.810s] Call Stack (most recent call first):
[0.811s]   /opt/ros/humble/share/rosidl_cmake/cmake/rosidl_generate_interfaces.cmake:130 (rosidl_adapt_interfaces)
[0.811s]   CMakeLists.txt:32 (rosidl_generate_interfaces)
[0.811s] 
[0.812s] [0m
[0.812s] -- Configuring incomplete, errors occurred!
[0.812s] See also "/home/jungseong/robot_ws/build/msg_srv_action_interface_example/CMakeFiles/CMakeOutput.log".
[0.812s] gmake: *** [Makefile:1179: cmake_check_build_system] Error 1
[0.813s] Invoked command in '/home/jungseong/robot_ws/build/msg_srv_action_interface_example' returned '2': CMAKE_PREFIX_PATH=${CMAKE_PREFIX_PATH}:/home/jungseong/robot_ws/install/my_first_ros_rclpy_pkg:/home/jungseong/yahboomcar_ws/install/yahboomcar_ctrl:/home/jungseong/yahboomcar_ws/install/yahboomcar_bringup:/opt/ros/humble /usr/bin/cmake --build /home/jungseong/robot_ws/build/msg_srv_action_interface_example -- -j12 -l12
